1541335897428:add 5 6
1541335900653:quit
1541336917657:add 5 6
1541336920212:quit
1541337077478:exit
1541337106800:quit
1541337236241:help
1541337258795:display-tasks
1541338532579:quit
1541338793216:exit
1541339325041:help
1541339333342:display-tasks
1541339340313:exit
1541339441724:help
1541339448928:display-tasks
1541339496218:exit
1541339880566:help
1541339887283:list
1541339917187:stacktrace
1541339945347:quit
1541339987581:help
1541339992669:list
1541339997323:quit
1541405982538:help
1541405987242:list
1541405996644:add 5 6
1541405999048:quit
1542011292136:list
1542011299621:initiate
1542011302902:list
1542011317214:clear
1542011320254:list
1542011326073:quit
1542030533470:help
1542030544036:exit
1542030676305:add "Revoir la réunion de l'investissement"
1542030699828:list
1542030781504:add "Revoir la réunion de l'investissement" tomorrow
1542030795678:quit
1542031238237:list
1542031250721:quit
1542031373585:add "Prendre en compte l'investissement cé"
1542031395645:add "coucou" "tomorrow"
1542031398926:list
1542031415747:exit
1542036851044:add "K1"
1542036856934:add "K2"
1542036862596:add "K3"
1542036867231:list
1542036881607:exit
1542036983141:add "task1" tomorrow
1542036990500:add task2
1542037008509:add task3 monday
1542037020357:add task4 tuesday
1542037037312:list
1542037139495:exit
1542037574913:list
1542037586346:stacktrace
1542037600642:exit
1542037643043:list
1542037657063:add task1
1542037664874:add task1 monday
1542037675967:add task2 thursday
1542037678448:list
1542037701367:exit
1542037744888:add task1
1542037753840:add task2 monday
1542037764421:add task3 tuesday
1542037767245:list
1542037783069:exit
1542037960550:clear
1542037966350:add task1
1542037971692:add task2
1542037974208:list
1542037986990:complete task1
1542038003279:complete 1
1542038020069:exit
1542038057875:add task1
1542038061814:add task2
1542038064220:list
1542038071062:complete 1
1542038077578:complete 2
1542038084577:exit
1542038173745:add task1
1542038179318:add task2
1542038181508:list
1542038190882:complete 1
1542038194806:list
1542038200166:complete 2
1542038204749:list
1542038209344:complete 3
1542038311369:complete 4
1542038315190:add coco
1542038323670:add caca jeudi
1542038333829:add caca tomorrow
1542038337652:list
1542038353686:complete 2
1542038359449:list
1542038405097:exit
1542038530490:add task1
1542038551420:list
1542038556127:complete 1
1542038701584:list
1542038760073:add coco
1542038774723:list
1542039054769:exit
1542039104776:list
1542039110244:complete 2
1542039112681:list
1542039115666:clear
1542039149252:add "Envoyer la confirmation à Caceis concernant la réunion de démo"
1542039150861:list
1542039375150:exit
1542039434781:complete 3
1542039441469:list
1542039487173:add "saisir les points Caceis dans Chronos" tomorrow
1542039490865:list
1542039492863:help
1542039513877:clear
1542039516933:help
1542039523719:list
1542039530660:exit
1542039650686:list
1542039652977:clear
1542039654790:list
1542039674237:add "Suivi du point Angular Security Component" wednesday
1542039675946:list
1542039757223:add "Envoyer une invit à Naoufel, 4Eyes, Archivage, Historisation, ..." wednesday
1542039759070:list
1542039794295:add "Mettre à jour les RTD dans chronos" wednesday
1542039795947:list
1542039822121:add "Analyser le document de Beltif" wednesday
1542039824481:list
1542039951483:add "Organiser la revue de la roadmap avec Imed" tomorrow
1542039961910:list
1542039966549:clear
1542039968479:list
1542040017847:add "verify the validation of Eclipse project with caceis" wednesday
1542040020916:list
1542040056964:exit
1542042405434:list
1542042410130:add coco
1542042412729:list
1542042417410:help
1542042428767:list
1542042439119:comment 1 test
1542042453099:exit
1542042487773:list
1542042495417:help comment
1542042511547:list
1542042518769:comment 1 test
1542042530205:exit
1542042617603:list
1542042624362:help
1542042651113:exit
1542042674016:list
1542042678902:info 1
1542042686094:comment 1 test
1542042695256:info 1
1542042740823:exit
1542042864226:info 1
1542042872113:exit
1542051910924:list
1542051919495:info 1
1542051933659:add testTask
1542051946345:list
1542051962179:comment 4 "This is a comment"
1542051969685:list
1542051980034:info 1
1542051986143:info 2
1542051989513:list
1542051993075:info 4
1542052018466:exit
1542052072799:list
1542052084463:info 4
1542052145954:list
1542052157830:info 4
1542052169252:help
1542052176175:list
1542052183242:complete 1
1542052190496:list
1542052200032:exit
1542089355570:help
1542089363573:list
1542089375841:add "task to cancel"
1542089378470:list
1542089389381:info 4
1542089407948:cancel 6
1542089434529:exit
1542104731330:list
1542106840392:exit
1542106870733:list
1542107640948:add test tomorrow
1542107645569:list
1542107655429:add testok
1542107657665:list
1542107785235:exit
1542107817026:add coucou
1542107819040:list
1542107839904:exit
1542107857227:list
1542107867079:exit
1542107931173:list
1542107945285:add "é"
1542107947073:list
1542107950673:exit
1542107971909:list
1542107977707:exit
1542108209361:list
1542108212523:exit
1542108354187:list
1542108371560:exit
1542108407409:list
1542108410279:exit
1542108452216:list
1542109008048:help
1542109024477:change-date 4 14/11/2018
1542109054723:change-date 4 "14/11/2018"
1542109075612:list
1542109114008:add coco "14/11/2018"
1542109116872:list
1542109213582:change_date 4 "4/11/2018"
1542109232056:change_date 4 "14/11/2018"
1542109244977:help
1542109257512:change-date 4 "14/11/2018"
1542109262818:list
1542109277980:help
1542109316793:help postpone
1542112652782:help
1542112657279:list
1542112668832:list-day
1542112684278:list-day today
1542112701146:list-day tomorrow
1542112717650:list-day "13/11/2018"
1542112733649:list-day "12/11/2018"
1542112745394:list
1542112875160:list-today today
1542112885718:help
1542112890712:list-day today
1542112990284:list-day "12/11/2018"
1542113055716:list
1542113084190:list-day today
1542113380608:list
1542113505772:list-day today
1542113542594:list
1542113692558:list-day
1542113700976:exit
1542113794125:exit
1542113983365:add salut
1542114036874:add ccc
1542121303357:list
1542121327675:list-day
1542121356251:list-day today
1542121370421:list-day tomorrow
1542121400954:list-day
1542121483004:list
1542121487714:list-day
1542121516836:add coco tomorrow
1542121523787:list-day
1542121572512:list
1542121604915:list-day tomorrow
1542121624799:list-day "12/11/2018"
1542121628411:list-day
1542121631012:exit
1542122018352:list
1542122025945:grep cc
1542122056013:exit
1542122188515:add newTask
1542122530458:list
1542122536183:grep hel
1542122546321:grep tas
1542122553171:help
1542190632037:list-day
1542199601323:exit
1542207300136:list
1542207346741:exit
1542207629612:list
1542207643419:exit
1542443898839:help
1542443904651:add
1542443910379:help add
1542443939129:list
1542443944577:list-day
1542443948129:exit
